<?xml version="1.0" encoding="UTF-8"?>
<testsuite name="com.dedogames.sumary.SumaryApplicationTests" tests="1" skipped="0" failures="0" errors="0" timestamp="2024-04-08T17:34:43" hostname="SP-MB5012.local" time="0.402">
  <properties/>
  <testcase name="contextLoads()" classname="com.dedogames.sumary.SumaryApplicationTests" time="0.402"/>
  <system-out><![CDATA[14:34:43.319 [Test worker] INFO org.springframework.test.context.support.AnnotationConfigContextLoaderUtils -- Could not detect default configuration classes for test class [com.dedogames.sumary.SumaryApplicationTests]: SumaryApplicationTests does not declare any static, non-private, non-final, nested classes annotated with @Configuration.
14:34:43.356 [Test worker] INFO org.springframework.boot.test.context.SpringBootTestContextBootstrapper -- Found @SpringBootConfiguration com.dedogames.sumary.SumaryApplication for test class com.dedogames.sumary.SumaryApplicationTests

  .   ____          _            __ _ _
 /\\ / ___'_ __ _ _(_)_ __  __ _ \ \ \ \
( ( )\___ | '_ | '_| | '_ \/ _` | \ \ \ \
 \\/  ___)| |_)| | | | | || (_| |  ) ) ) )
  '  |____| .__|_| |_|_| |_\__, | / / / /
 =========|_|==============|___/=/_/_/_/
 :: Spring Boot ::                (v3.2.4)

2024-04-08T14:34:43.497-03:00  INFO 41740 --- [sumary] [    Test worker] c.d.sumary.SumaryApplicationTests        : Starting SumaryApplicationTests using Java 21.0.2 with PID 41740 (started by gelson.rodrigues in /Users/gelson.rodrigues/projects/data_analysis)
2024-04-08T14:34:43.498-03:00  INFO 41740 --- [sumary] [    Test worker] c.d.sumary.SumaryApplicationTests        : No active profile set, falling back to 1 default profile: "default"
2024-04-08T14:34:43.922-03:00  INFO 41740 --- [sumary] [    Test worker] c.d.sumary.SumaryApplicationTests        : Started SumaryApplicationTests in 0.515 seconds (process running for 0.97)
]]></system-out>
  <system-err><![CDATA[WARNING: A Java agent has been loaded dynamically (/Users/gelson.rodrigues/.gradle/caches/modules-2/files-2.1/net.bytebuddy/byte-buddy-agent/1.14.12/be4984cb6fd1ef1d11f218a648889dfda44b8a15/byte-buddy-agent-1.14.12.jar)
WARNING: If a serviceability tool is in use, please run with -XX:+EnableDynamicAgentLoading to hide this warning
WARNING: If a serviceability tool is not in use, please run with -Djdk.instrument.traceUsage for more information
WARNING: Dynamic loading of agents will be disallowed by default in a future release
]]></system-err>
</testsuite>
